INFO:root:Solicitação bem-sucedida com User-Agent .
INFO:root:Solicitação bem-sucedida com User-Agent .
INFO:root:Solicitação bem-sucedida com User-Agent .
INFO:root:Solicitação bem-sucedida com User-Agent .
INFO:root:Solicitação bem-sucedida com User-Agent .
INFO:root:Solicitação bem-sucedida com User-Agent .
INFO:root:Solicitação bem-sucedida com User-Agent .
INFO:root:Solicitação bem-sucedida com User-Agent .
INFO:root:Solicitação bem-sucedida com User-Agent .
INFO:root:Solicitação bem-sucedida com User-Agent .
INFO:root:Solicitação bem-sucedida com User-Agent .
INFO:root:Solicitação bem-sucedida com User-Agent .
INFO:root:Solicitação bem-sucedida com User-Agent .
INFO:root:Solicitação bem-sucedida com User-Agent .
INFO:root:Solicitação bem-sucedida com User-Agent .
INFO:root:Solicitação bem-sucedida com User-Agent .
INFO:root:Solicitação bem-sucedida com User-Agent .
INFO:root:Solicitação bem-sucedida com User-Agent .
INFO:root:Solicitação bem-sucedida com User-Agent .
INFO:root:Solicitação bem-sucedida com User-Agent .
INFO:root:Solicitação bem-sucedida com User-Agent .
INFO:root:Solicitação bem-sucedida com User-Agent .
INFO:root:Solicitação bem-sucedida com User-Agent .
INFO:root:Solicitação bem-sucedida com User-Agent .
INFO:root:Solicitação bem-sucedida com User-Agent .
INFO:root:Solicitação bem-sucedida com User-Agent .
INFO:root:Solicitação bem-sucedida com User-Agent .
INFO:root:Solicitação bem-sucedida com User-Agent .
INFO:root:Solicitação bem-sucedida com User-Agent .
INFO:root:Solicitação bem-sucedida com User-Agent .
INFO:root:Solicitação bem-sucedida com User-Agent .
INFO:root:Solicitação bem-sucedida com User-Agent .
INFO:root:Solicitação bem-sucedida com User-Agent .
INFO:root:Solicitação bem-sucedida com User-Agent .
INFO:root:Solicitação bem-sucedida com User-Agent .
INFO:root:Solicitação bem-sucedida com User-Agent .
INFO:root:Solicitação bem-sucedida com User-Agent .
INFO:root:Solicitação bem-sucedida com User-Agent .
INFO:root:Solicitação bem-sucedida com User-Agent .
INFO:root:Solicitação bem-sucedida com User-Agent .
INFO:root:Solicitação bem-sucedida com User-Agent .
INFO:root:Solicitação bem-sucedida com User-Agent .
INFO:root:Solicitação bem-sucedida com User-Agent .
INFO:root:Solicitação bem-sucedida com User-Agent .
INFO:root:Solicitação bem-sucedida com User-Agent .
INFO:root:Solicitação bem-sucedida com User-Agent .
INFO:root:Solicitação bem-sucedida com User-Agent .
INFO:root:Solicitação bem-sucedida com User-Agent .
ERROR:__main__:Erro ao carregar arquivo de configuração de outro:
 [Errno 2] No such file or directory: './src/brands/outro/config.yaml'
DEBUG:__main__:Busca Finalizada!
ERROR:__main__:No module found for site: outro
ERROR:__main__:Erro ao carregar arquivo de configuração de outro:
 [Errno 2] No such file or directory: './src/brands/outro/config.yaml'
DEBUG:__main__:Busca Finalizada!
INFO:root:Solicitação bem-sucedida com User-Agent .
INFO:src.drivesCrawler.RequestController:Crawler product Bolsa Satchel Rosa Iara Média Translúcida
INFO:root:Solicitação bem-sucedida com User-Agent .
INFO:src.drivesCrawler.RequestController:Crawler product Bolsa Satchel Verde Iara Média Translúcida
INFO:root:Solicitação bem-sucedida com User-Agent .
INFO:src.drivesCrawler.RequestController:Crawler product Bolsa Satchel Preta Iara Média Translúcida
INFO:root:Solicitação bem-sucedida com User-Agent .
INFO:root:Solicitação bem-sucedida com User-Agent .
INFO:src.drivesCrawler.RequestController:Crawler product Bolsa Satchel Marrom Iara Média Translúcida
INFO:root:Solicitação bem-sucedida com User-Agent .
INFO:src.drivesCrawler.RequestController:Crawler product Bolsa Hobo Off-White Couro Bolsos Bold
INFO:root:Solicitação bem-sucedida com User-Agent .
INFO:src.drivesCrawler.RequestController:Crawler product Bolsa Hobo Marrom Couro Bolsos Bold
INFO:root:Solicitação bem-sucedida com User-Agent .
INFO:root:Solicitação bem-sucedida com User-Agent .
INFO:src.drivesCrawler.RequestController:Crawler product Bolsa Hobo Preta Couro Bolsos Bold
INFO:root:Solicitação bem-sucedida com User-Agent .
INFO:src.drivesCrawler.RequestController:Crawler product Bolsa Tote Off-White Couro Bolsos Bold
INFO:root:Solicitação bem-sucedida com User-Agent .
INFO:src.drivesCrawler.RequestController:Crawler product Bolsa Tote Preta Couro Bolsos Bold
INFO:root:Solicitação bem-sucedida com User-Agent .
INFO:root:Solicitação bem-sucedida com User-Agent .
INFO:src.drivesCrawler.RequestController:Crawler product Bolsa Tote Marrom Couro Bolsos Bold
INFO:root:Solicitação bem-sucedida com User-Agent .
INFO:src.drivesCrawler.RequestController:Crawler product Bolsa Tote Rosa Couro Média Camurcina
INFO:root:Solicitação bem-sucedida com User-Agent .
INFO:src.drivesCrawler.RequestController:Crawler product Bolsa Tote Preta Couro Média Camurcina
INFO:root:Solicitação bem-sucedida com User-Agent .
INFO:root:Solicitação bem-sucedida com User-Agent .
INFO:src.drivesCrawler.RequestController:Crawler product Bolsa Tote Marrom Couro Média Camurcina
INFO:root:Solicitação bem-sucedida com User-Agent .
INFO:src.drivesCrawler.RequestController:Crawler product Bolsa Tote Marrom Couro Pequena Camurcina
INFO:root:Solicitação bem-sucedida com User-Agent .
INFO:src.drivesCrawler.RequestController:Crawler product Bolsa Tote Preta Couro Pequena Camurcina
INFO:root:Solicitação bem-sucedida com User-Agent .
INFO:root:Solicitação bem-sucedida com User-Agent .
INFO:src.drivesCrawler.RequestController:Crawler product Bolsa Tote Rosa Couro Pequena Camurcina
INFO:root:Solicitação bem-sucedida com User-Agent .
INFO:src.drivesCrawler.RequestController:Crawler product Bolsa Hobo Azul Jeans Classy Tachas
INFO:root:Solicitação bem-sucedida com User-Agent .
INFO:src.drivesCrawler.RequestController:Crawler product Bolsa Hobo Branca Couro Classy Tachas
INFO:root:Solicitação bem-sucedida com User-Agent .
INFO:root:Solicitação bem-sucedida com User-Agent .
INFO:src.drivesCrawler.RequestController:Crawler product Scarpin Colorido Bico Fino Aberto Sport
INFO:root:Solicitação bem-sucedida com User-Agent .
INFO:src.drivesCrawler.RequestController:Crawler product Scarpin Bege Color Bico Fino Aberto Sport
INFO:root:Solicitação bem-sucedida com User-Agent .
INFO:src.drivesCrawler.RequestController:Crawler product Scarpin Preto Bico Fino Aberto Sport
INFO:root:Solicitação bem-sucedida com User-Agent .
INFO:root:Solicitação bem-sucedida com User-Agent .
INFO:src.drivesCrawler.RequestController:Crawler product Sapatilha Bege Color Bico Fino Aberta Sport
INFO:root:Solicitação bem-sucedida com User-Agent .
INFO:src.drivesCrawler.RequestController:Crawler product Sapatilha Colorida Bico Fino Aberta Sport
INFO:root:Solicitação bem-sucedida com User-Agent .
INFO:src.drivesCrawler.RequestController:Crawler product Sapatilha Preta Bico Fino Aberta Sport
INFO:root:Solicitação bem-sucedida com User-Agent .
INFO:root:Solicitação bem-sucedida com User-Agent .
INFO:src.drivesCrawler.RequestController:Crawler product Sapato Boneca Verde Verniz Aberto Tiras Fivelas
INFO:root:Solicitação bem-sucedida com User-Agent .
INFO:src.drivesCrawler.RequestController:Crawler product Sapato Boneca Preto Verniz Aberto Tiras Fivelas
INFO:root:Solicitação bem-sucedida com User-Agent .
INFO:src.drivesCrawler.RequestController:Crawler product Sapato Boneca Rosa Verniz Aberto Tiras Fivelas
INFO:root:Solicitação bem-sucedida com User-Agent .
INFO:root:Solicitação bem-sucedida com User-Agent .
INFO:src.drivesCrawler.RequestController:Crawler product Sapatilha Boneca Preta Verniz Tiras Fivelas
INFO:root:Solicitação bem-sucedida com User-Agent .
INFO:src.drivesCrawler.RequestController:Crawler product Sapatilha Boneca Rosa Verniz Tiras Fivelas
INFO:root:Solicitação bem-sucedida com User-Agent .
INFO:src.drivesCrawler.RequestController:Crawler product Sandália Verde Couro Salto Fino Tira Larga
INFO:root:Solicitação bem-sucedida com User-Agent .
INFO:root:Solicitação bem-sucedida com User-Agent .
INFO:src.drivesCrawler.RequestController:Crawler product Sandália Roxa Couro Salto Fino Tira Larga
INFO:root:Solicitação bem-sucedida com User-Agent .
INFO:src.drivesCrawler.RequestController:Crawler product Sandália Rosa Couro Salto Fino Tira Larga
INFO:root:Solicitação bem-sucedida com User-Agent .
INFO:src.drivesCrawler.RequestController:Crawler product Sandália Preta Couro Salto Fino Tira Larga
INFO:root:Solicitação bem-sucedida com User-Agent .
INFO:root:Solicitação bem-sucedida com User-Agent .
INFO:src.drivesCrawler.RequestController:Crawler product Mocassim Verde Couro Bico Redondo Tira
INFO:root:Solicitação bem-sucedida com User-Agent .
INFO:src.drivesCrawler.RequestController:Crawler product Mocassim Lilás Couro Bico Redondo Tira
INFO:root:Solicitação bem-sucedida com User-Agent .
INFO:src.drivesCrawler.RequestController:Crawler product Mocassim Rosa Couro Bico Redondo Tira
INFO:root:Solicitação bem-sucedida com User-Agent .
INFO:main:{"site_id": "DASG54", "started_at": "2023-07-13 15:38:31", "finished_at": "2023-07-13 15:38:50", "categories": 2, "products": 36, "errors": []}
ERROR:main:No module found for site: outro
ERROR:main:Erro ao carregar arquivo de configuração de outro:
 [Errno 2] No such file or directory: './src/brands/outro/config.yaml'
DEBUG:__main__:Busca Finalizada!
